#
# A fatal error has been detected by the Java Runtime Environment:
#
#  EXCEPTION_ACCESS_VIOLATION (0xc0000005) at pc=0x000001239f2d12e7, pid=26472, tid=7972
#
# JRE version: OpenJDK Runtime Environment Corretto-11.0.23.9.1 (11.0.23+9) (build 11.0.23+9-LTS)
# Java VM: OpenJDK 64-Bit Server VM Corretto-11.0.23.9.1 (11.0.23+9-LTS, mixed mode, tiered, compressed oops, g1 gc, windows-amd64)
# Problematic frame:
# v  ~StubRoutines::get_previous_fp
#
# No core dump will be written. Minidumps are not enabled by default on client versions of Windows
#
# If you would like to submit a bug report, please visit:
#   https://github.com/corretto/corretto-11/issues/
#

---------------  S U M M A R Y ------------

Command Line: -javaagent:C:\\Users\\Евгения\\.m2\\repository\\org\\jacoco\\org.jacoco.agent\\0.8.5\\org.jacoco.agent-0.8.5-runtime.jar=destfile=C:\\Users\\Евгения\\Desktop\\netology\\Тестирование\\Java\\Командный проект Java\\Team-project-Java\\target\\jacoco.exec C:\Users\CA52~1\AppData\Local\Temp\surefire8080887382452330899\surefirebooter1288485791063091642.jar C:\Users\Евгения\AppData\Local\Temp\surefire8080887382452330899 2024-10-06T17-40-15_720-jvmRun1 surefire9069938277063541464tmp surefire_02132190863266364261tmp

Host: 11th Gen Intel(R) Core(TM) i7-1165G7 @ 2.80GHz, 8 cores, 11G,  Windows 10 , 64 bit Build 19041 (10.0.19041.3636)
Time: Sun Oct  6 17:40:16 2024 RTZ 2 (s 10 , 64 bit Build 19041 (10.0.19041.3636) elapsed time: 0.127539 seconds (0d 0h 0m 0s)

---------------  T H R E A D  ---------------

Current thread (0x0000012396b2b800):  JavaThread "main" [_thread_in_vm, id=7972, stack(0x000000055d700000,0x000000055d800000)]

Stack: [0x000000055d700000,0x000000055d800000],  sp=0x000000055d7ff790,  free space=1021k
Native frames: (J=compiled Java code, j=interpreted, Vv=VM code, C=native code)
C  0x000001239f2d12e7


siginfo: EXCEPTION_ACCESS_VIOLATION (0xc0000005), reading address 0x00000000000003d8


Register to memory mapping:

RIP=0x000001239f2d12e7 is at begin+8 in a stub
StubRoutines::get_previous_fp [0x000001239f2d12df, 0x000001239f2d12ec[ (13 bytes)
RAX=0x00000000000003d8 is an unknown value
RBX=0x000000055d7ff830 is pointing into the stack for thread: 0x0000012396b2b800
RCX=0x000000055d7ff830 is pointing into the stack for thread: 0x0000012396b2b800
RDX=0x0 is NULL
RSP=0x000000055d7ff790 is pointing into the stack for thread: 0x0000012396b2b800
RBP=0x000000055d7ff790 is pointing into the stack for thread: 0x0000012396b2b800
RSI=0x0 is NULL
RDI=0x0000012396b2b800 is a thread
R8 =0x000000055d7ff708 is pointing into the stack for thread: 0x0000012396b2b800
R9 =0x0000000000000001 is an unknown value
R10=0x0 is NULL
R11=0x000000055d7ff7c0 is pointing into the stack for thread: 0x0000012396b2b800
R12=0x0000012396b2c1d8 points into unknown readable memory: 0x0803bb03a9d13396 | 96 33 d1 a9 03 bb 03 08
R13=0x0000012396b9f678 points into unknown readable memory: 0x00000123949a12d0 | d0 12 9a 94 23 01 00 00
R14=0x00000123b8b96110 points into unknown readable memory: 0x00000000ffffffff | ff ff ff ff 00 00 00 00
R15=0x0000012396b2be00 points into unknown readable memory: 0x0072006f006d0020 | 20 00 6d 00 6f 00 72 00


Registers:
RAX=0x00000000000003d8, RBX=0x000000055d7ff830, RCX=0x000000055d7ff830, RDX=0x0000000000000000
RSP=0x000000055d7ff790, RBP=0x000000055d7ff790, RSI=0x0000000000000000, RDI=0x0000012396b2b800
R8 =0x000000055d7ff708, R9 =0x0000000000000001, R10=0x0000000000000000, R11=0x000000055d7ff7c0
R12=0x0000012396b2c1d8, R13=0x0000012396b9f678, R14=0x00000123b8b96110, R15=0x0000012396b2be00
RIP=0x000001239f2d12e7, EFLAGS=0x0000000000010202

Top of Stack: (sp=0x000000055d7ff790)
0x000000055d7ff790:   00000000000003d8 00007ffb86db5726
0x000000055d7ff7a0:   00000000000000af 000000055d7ff890
0x000000055d7ff7b0:   00007ffbe5dd82d0 00007ffbf8f6b3e4
0x000000055d7ff7c0:   0000012396b2bdf0 00007ffb8683236c
0x000000055d7ff7d0:   0000012396b2b800 000001239499f2f0
0x000000055d7ff7e0:   00000000000007d0 0000000000007fd8
0x000000055d7ff7f0:   0000012396b2b800 00007ffb86f096f1
0x000000055d7ff800:   000001239499f2f0 0000012396b2bdf0
0x000000055d7ff810:   0000012396b2bdf0 00000123b8894d58
0x000000055d7ff820:   0000012394a77d98 00007ffbe5dd148c
0x000000055d7ff830:   0000000000000000 0000000000000024
0x000000055d7ff840:   00007ffbe5dd82d0 000000055d7ff890
0x000000055d7ff850:   00007ffbf903f540 0000000000000000
0x000000055d7ff860:   0000262ab7f59087 00007ffbe5dd7ae0
0x000000055d7ff870:   0000012396b2b800 00007ffb86db7e70
0x000000055d7ff880:   0000012396b2bb50 00007ffbe5dd82d0 

Instructions: (pc=0x000001239f2d12e7)
0x000001239f2d11e7:   40 18 85 98 fe ff ff 00 62 63 35 40 18 8d 88 fe
0x000001239f2d11f7:   ff ff 00 62 63 2d 40 18 95 78 fe ff ff 00 62 63
0x000001239f2d1207:   25 40 18 9d 68 fe ff ff 00 62 63 1d 40 18 a5 58
0x000001239f2d1217:   fe ff ff 00 62 63 15 40 18 ad 48 fe ff ff 00 62
0x000001239f2d1227:   63 0d 40 18 b5 38 fe ff ff 00 62 63 05 40 18 bd
0x000001239f2d1237:   28 fe ff ff 00 4c 8b 7d c8 4c 8b 75 d0 4c 8b 6d
0x000001239f2d1247:   d8 4c 8b 65 e0 48 8b 5d f8 48 8b 7d e8 48 8b 75
0x000001239f2d1257:   f0 48 81 c4 d8 01 00 00 c5 f8 77 5d c3 48 89 01
0x000001239f2d1267:   e9 ab fe ff ff c5 fa 11 01 e9 a2 fe ff ff c5 fb
0x000001239f2d1277:   11 01 e9 99 fe ff ff 49 89 47 08 49 ba e0 53 0b
0x000001239f2d1287:   87 fb 7f 00 00 4d 89 57 10 41 c7 47 18 da 01 00
0x000001239f2d1297:   00 e9 4d fe ff ff 8b c1 87 02 c3 48 8b c1 48 87
0x000001239f2d12a7:   02 c3 41 8b c0 f0 0f b1 0a c3 49 0f be c0 f0 0f
0x000001239f2d12b7:   b0 0a c3 49 8b c0 f0 48 0f b1 0a c3 8b c1 f0 0f
0x000001239f2d12c7:   c1 0a 03 c1 c3 48 8b c1 f0 48 0f c1 0a 48 03 c1
0x000001239f2d12d7:   c3 f0 83 44 24 c0 00 c3 55 48 8b ec 48 8b 45 00
0x000001239f2d12e7:   48 8b 00 5d c3 48 8b c4 48 83 c0 08 c3 c3 66 66
0x000001239f2d12f7:   66 0f 1f 84 00 00 00 00 00 55 48 8b ec 41 54 48
0x000001239f2d1307:   83 ec 28 49 b9 60 19 21 87 fb 7f 00 00 f7 d1 41
0x000001239f2d1317:   bc 00 00 00 00 41 81 f8 00 01 00 00 0f 8c b5 02
0x000001239f2d1327:   00 00 c5 79 6e d1 62 b1 fe 48 6f 04 22 62 b1 fe
0x000001239f2d1337:   48 6f 64 22 01 62 d1 fd 48 ef c2 62 52 7d 48 5a
0x000001239f2d1347:   51 02 41 81 e8 00 01 00 00 41 81 f8 00 01 00 00
0x000001239f2d1357:   0f 8c 01 01 00 00 62 b1 fe 48 6f 7c 22 02 62 31
0x000001239f2d1367:   fe 48 6f 44 22 03 62 c2 7d 48 5a 01 41 81 e8 00
0x000001239f2d1377:   01 00 00 41 81 c4 00 01 00 00 62 b1 fe 48 6f 1c
0x000001239f2d1387:   22 62 b3 7d 48 44 c8 10 62 b3 7d 48 44 d0 01 62
0x000001239f2d1397:   f1 f5 48 ef c2 62 f1 fd 48 ef c3 62 b1 fe 48 6f
0x000001239f2d13a7:   5c 22 01 62 b3 5d 48 44 c8 10 62 b3 5d 48 44 d0
0x000001239f2d13b7:   01 62 f1 f5 48 ef e2 62 f1 dd 48 ef e3 62 b1 fe
0x000001239f2d13c7:   48 6f 5c 22 02 62 b3 45 48 44 c8 10 62 b3 45 48
0x000001239f2d13d7:   44 d0 01 62 f1 f5 48 ef fa 62 f1 c5 48 ef fb 62 


Stack slot to memory mapping:
stack at sp + 0 slots: 0x00000000000003d8 is an unknown value
stack at sp + 1 slots: 0x00007ffb86db5726 jvm.dll
stack at sp + 2 slots: 0x00000000000000af is an unknown value
stack at sp + 3 slots: 0x000000055d7ff890 is pointing into the stack for thread: 0x0000012396b2b800
stack at sp + 4 slots: 0x00007ffbe5dd82d0 instrument.dll
stack at sp + 5 slots: 0x00007ffbf8f6b3e4 ucrtbase.dll
stack at sp + 6 slots: 0x0000012396b2bdf0 points into unknown readable memory: 0x00000123b8b96100 | 00 61 b9 b8 23 01 00 00
stack at sp + 7 slots: 0x00007ffb8683236c jvm.dll

StubRoutines::get_previous_fp [0x000001239f2d12df, 0x000001239f2d12ec[ (13 bytes)
---------------  P R O C E S S  ---------------

Threads class SMR info:
_java_thread_list=0x00000123b8a94570, length=11, elements={
0x0000012396b2b800, 0x00000123b88ba800, 0x00000123b88bb000, 0x00000123b8918000,
0x00000123b891b000, 0x00000123b891e000, 0x00000123b8923000, 0x00000123b8925000,
0x00000123b8951000, 0x00000123b804d000, 0x00000123b8a9a000
}

Java Threads: ( => current thread )
=>0x0000012396b2b800 JavaThread "main" [_thread_in_vm, id=7972, stack(0x000000055d700000,0x000000055d800000)]
  0x00000123b88ba800 JavaThread "Reference Handler" daemon [_thread_blocked, id=23544, stack(0x000000055de00000,0x000000055df00000)]
  0x00000123b88bb000 JavaThread "Finalizer" daemon [_thread_blocked, id=13468, stack(0x000000055df00000,0x000000055e000000)]
  0x00000123b8918000 JavaThread "Signal Dispatcher" daemon [_thread_blocked, id=17016, stack(0x000000055e000000,0x000000055e100000)]
  0x00000123b891b000 JavaThread "Attach Listener" daemon [_thread_blocked, id=16752, stack(0x000000055e100000,0x000000055e200000)]
  0x00000123b891e000 JavaThread "Service Thread" daemon [_thread_blocked, id=20500, stack(0x000000055e200000,0x000000055e300000)]
  0x00000123b8923000 JavaThread "C2 CompilerThread0" daemon [_thread_blocked, id=23444, stack(0x000000055e300000,0x000000055e400000)]
  0x00000123b8925000 JavaThread "C1 CompilerThread0" daemon [_thread_blocked, id=25284, stack(0x000000055e400000,0x000000055e500000)]
  0x00000123b8951000 JavaThread "Sweeper thread" daemon [_thread_blocked, id=11180, stack(0x000000055e500000,0x000000055e600000)]
  0x00000123b804d000 JavaThread "Common-Cleaner" daemon [_thread_blocked, id=4752, stack(0x000000055e600000,0x000000055e700000)]
  0x00000123b8a9a000 JavaThread "C2 CompilerThread1" daemon [_thread_blocked, id=18540, stack(0x000000055e700000,0x000000055e800000)]

Other Threads:
  0x00000123b8894000 VMThread "VM Thread" [stack: 0x000000055dd00000,0x000000055de00000] [id=23860]
  0x0000012396b44000 GCTaskThread "GC Thread#0" [stack: 0x000000055d800000,0x000000055d900000] [id=27028]
  0x0000012396b84800 ConcurrentGCThread "G1 Main Marker" [stack: 0x000000055d900000,0x000000055da00000] [id=1316]
  0x0000012396b86800 ConcurrentGCThread "G1 Conc#0" [stack: 0x000000055da00000,0x000000055db00000] [id=11212]
  0x0000012396bfe000 ConcurrentGCThread "G1 Refine#0" [stack: 0x000000055db00000,0x000000055dc00000] [id=18632]
  0x00000123b7ef8800 ConcurrentGCThread "G1 Young RemSet Sampling" [stack: 0x000000055dc00000,0x000000055dd00000] [id=5064]

Threads with active compile tasks:

VM state:not at safepoint (normal execution)

VM Mutex/Monitor currently owned by a thread: None

Heap address: 0x0000000744e00000, size: 2994 MB, Compressed Oops mode: Zero based, Oop shift amount: 3
Narrow klass base: 0x0000000800000000, Narrow klass shift: 0
Compressed class space size: 1073741824 Address: 0x0000000800000000

Heap:
 garbage-first heap   total 192512K, used 2048K [0x0000000744e00000, 0x0000000800000000)
  region size 1024K, 3 young (3072K), 0 survivors (0K)
 Metaspace       used 6708K, capacity 6850K, committed 7168K, reserved 1056768K
  class space    used 582K, capacity 643K, committed 768K, reserved 1048576K
Heap Regions: E=young(eden), S=young(survivor), O=old, HS=humongous(starts), HC=humongous(continues), CS=collection set, F=free, A=archive, TAMS=top-at-mark-start (previous, next)
|   0|0x0000000744e00000, 0x0000000744e00000, 0x0000000744f00000|  0%| F|  |TAMS 0x0000000744e00000, 0x0000000744e00000| Untracked 
|   1|0x0000000744f00000, 0x0000000744f00000, 0x0000000745000000|  0%| F|  |TAMS 0x0000000744f00000, 0x0000000744f00000| Untracked 
|   2|0x0000000745000000, 0x0000000745000000, 0x0000000745100000|  0%| F|  |TAMS 0x0000000745000000, 0x0000000745000000| Untracked 
|   3|0x0000000745100000, 0x0000000745100000, 0x0000000745200000|  0%| F|  |TAMS 0x0000000745100000, 0x0000000745100000| Untracked 
|   4|0x0000000745200000, 0x0000000745200000, 0x0000000745300000|  0%| F|  |TAMS 0x0000000745200000, 0x0000000745200000| Untracked 
|   5|0x0000000745300000, 0x0000000745300000, 0x0000000745400000|  0%| F|  |TAMS 0x0000000745300000, 0x0000000745300000| Untracked 
|   6|0x0000000745400000, 0x0000000745400000, 0x0000000745500000|  0%| F|  |TAMS 0x0000000745400000, 0x0000000745400000| Untracked 
|   7|0x0000000745500000, 0x0000000745500000, 0x0000000745600000|  0%| F|  |TAMS 0x0000000745500000, 0x0000000745500000| Untracked 
|   8|0x0000000745600000, 0x0000000745600000, 0x0000000745700000|  0%| F|  |TAMS 0x0000000745600000, 0x0000000745600000| Untracked 
|   9|0x0000000745700000, 0x0000000745700000, 0x0000000745800000|  0%| F|  |TAMS 0x0000000745700000, 0x0000000745700000| Untracked 
|  10|0x0000000745800000, 0x0000000745800000, 0x0000000745900000|  0%| F|  |TAMS 0x0000000745800000, 0x0000000745800000| Untracked 
|  11|0x0000000745900000, 0x0000000745900000, 0x0000000745a00000|  0%| F|  |TAMS 0x0000000745900000, 0x0000000745900000| Untracked 
|  12|0x0000000745a00000, 0x0000000745a00000, 0x0000000745b00000|  0%| F|  |TAMS 0x0000000745a00000, 0x0000000745a00000| Untracked 
|  13|0x0000000745b00000, 0x0000000745b00000, 0x0000000745c00000|  0%| F|  |TAMS 0x0000000745b00000, 0x0000000745b00000| Untracked 
|  14|0x0000000745c00000, 0x0000000745c00000, 0x0000000745d00000|  0%| F|  |TAMS 0x0000000745c00000, 0x0000000745c00000| Untracked 
|  15|0x0000000745d00000, 0x0000000745d00000, 0x0000000745e00000|  0%| F|  |TAMS 0x0000000745d00000, 0x0000000745d00000| Untracked 
|  16|0x0000000745e00000, 0x0000000745e00000, 0x0000000745f00000|  0%| F|  |TAMS 0x0000000745e00000, 0x0000000745e00000| Untracked 
|  17|0x0000000745f00000, 0x0000000745f00000, 0x0000000746000000|  0%| F|  |TAMS 0x0000000745f00000, 0x0000000745f00000| Untracked 
|  18|0x0000000746000000, 0x0000000746000000, 0x0000000746100000|  0%| F|  |TAMS 0x0000000746000000, 0x0000000746000000| Untracked 
|  19|0x0000000746100000, 0x0000000746100000, 0x0000000746200000|  0%| F|  |TAMS 0x0000000746100000, 0x0000000746100000| Untracked 
|  20|0x0000000746200000, 0x0000000746200000, 0x0000000746300000|  0%| F|  |TAMS 0x0000000746200000, 0x0000000746200000| Untracked 
|  21|0x0000000746300000, 0x0000000746300000, 0x0000000746400000|  0%| F|  |TAMS 0x0000000746300000, 0x0000000746300000| Untracked 
|  22|0x0000000746400000, 0x0000000746400000, 0x0000000746500000|  0%| F|  |TAMS 0x0000000746400000, 0x0000000746400000| Untracked 
|  23|0x0000000746500000, 0x0000000746500000, 0x0000000746600000|  0%| F|  |TAMS 0x0000000746500000, 0x0000000746500000| Untracked 
|  24|0x0000000746600000, 0x0000000746600000, 0x0000000746700000|  0%| F|  |TAMS 0x0000000746600000, 0x0000000746600000| Untracked 
|  25|0x0000000746700000, 0x0000000746700000, 0x0000000746800000|  0%| F|  |TAMS 0x0000000746700000, 0x0000000746700000| Untracked 
|  26|0x0000000746800000, 0x0000000746800000, 0x0000000746900000|  0%| F|  |TAMS 0x0000000746800000, 0x0000000746800000| Untracked 
|  27|0x0000000746900000, 0x0000000746900000, 0x0000000746a00000|  0%| F|  |TAMS 0x0000000746900000, 0x0000000746900000| Untracked 
|  28|0x0000000746a00000, 0x0000000746a00000, 0x0000000746b00000|  0%| F|  |TAMS 0x0000000746a00000, 0x0000000746a00000| Untracked 
|  29|0x0000000746b00000, 0x0000000746b00000, 0x0000000746c00000|  0%| F|  |TAMS 0x0000000746b00000, 0x0000000746b00000| Untracked 
|  30|0x0000000746c00000, 0x0000000746c00000, 0x0000000746d00000|  0%| F|  |TAMS 0x0000000746c00000, 0x0000000746c00000| Untracked 
|  31|0x0000000746d00000, 0x0000000746d00000, 0x0000000746e00000|  0%| F|  |TAMS 0x0000000746d00000, 0x0000000746d00000| Untracked 
|  32|0x0000000746e00000, 0x0000000746e00000, 0x0000000746f00000|  0%| F|  |TAMS 0x0000000746e00000, 0x0000000746e00000| Untracked 
|  33|0x0000000746f00000, 0x0000000746f00000, 0x0000000747000000|  0%| F|  |TAMS 0x0000000746f00000, 0x0000000746f00000| Untracked 
|  34|0x0000000747000000, 0x0000000747000000, 0x0000000747100000|  0%| F|  |TAMS 0x0000000747000000, 0x0000000747000000| Untracked 
|  35|0x0000000747100000, 0x0000000747100000, 0x0000000747200000|  0%| F|  |TAMS 0x0000000747100000, 0x0000000747100000| Untracked 
|  36|0x0000000747200000, 0x0000000747200000, 0x0000000747300000|  0%| F|  |TAMS 0x0000000747200000, 0x0000000747200000| Untracked 
|  37|0x0000000747300000, 0x0000000747300000, 0x0000000747400000|  0%| F|  |TAMS 0x0000000747300000, 0x0000000747300000| Untracked 
|  38|0x0000000747400000, 0x0000000747400000, 0x0000000747500000|  0%| F|  |TAMS 0x0000000747400000, 0x0000000747400000| Untracked 
|  39|0x0000000747500000, 0x0000000747500000, 0x0000000747600000|  0%| F|  |TAMS 0x0000000747500000, 0x0000000747500000| Untracked 
|  40|0x0000000747600000, 0x0000000747600000, 0x0000000747700000|  0%| F|  |TAMS 0x0000000747600000, 0x0000000747600000| Untracked 
|  41|0x0000000747700000, 0x0000000747700000, 0x0000000747800000|  0%| F|  |TAMS 0x0000000747700000, 0x0000000747700000| Untracked 
|  42|0x0000000747800000, 0x0000000747800000, 0x0000000747900000|  0%| F|  |TAMS 0x0000000747800000, 0x0000000747800000| Untracked 
|  43|0x0000000747900000, 0x0000000747900000, 0x0000000747a00000|  0%| F|  |TAMS 0x0000000747900000, 0x0000000747900000| Untracked 
|  44|0x0000000747a00000, 0x0000000747a00000, 0x0000000747b00000|  0%| F|  |TAMS 0x0000000747a00000, 0x0000000747a00000| Untracked 
|  45|0x0000000747b00000, 0x0000000747b00000, 0x0000000747c00000|  0%| F|  |TAMS 0x0000000747b00000, 0x0000000747b00000| Untracked 
|  46|0x0000000747c00000, 0x0000000747c00000, 0x0000000747d00000|  0%| F|  |TAMS 0x0000000747c00000, 0x0000000747c00000| Untracked 
|  47|0x0000000747d00000, 0x0000000747d00000, 0x0000000747e00000|  0%| F|  |TAMS 0x0000000747d00000, 0x0000000747d00000| Untracked 
|  48|0x0000000747e00000, 0x0000000747e00000, 0x0000000747f00000|  0%| F|  |TAMS 0x0000000747e00000, 0x0000000747e00000| Untracked 
|  49|0x0000000747f00000, 0x0000000747f00000, 0x0000000748000000|  0%| F|  |TAMS 0x0000000747f00000, 0x0000000747f00000| Untracked 
|  50|0x0000000748000000, 0x0000000748000000, 0x0000000748100000|  0%| F|  |TAMS 0x0000000748000000, 0x0000000748000000| Untracked 
|  51|0x0000000748100000, 0x0000000748100000, 0x0000000748200000|  0%| F|  |TAMS 0x0000000748100000, 0x0000000748100000| Untracked 
|  52|0x0000000748200000, 0x0000000748200000, 0x0000000748300000|  0%| F|  |TAMS 0x0000000748200000, 0x0000000748200000| Untracked 
|  53|0x0000000748300000, 0x0000000748300000, 0x0000000748400000|  0%| F|  |TAMS 0x0000000748300000, 0x0000000748300000| Untracked 
|  54|0x0000000748400000, 0x0000000748400000, 0x0000000748500000|  0%| F|  |TAMS 0x0000000748400000, 0x0000000748400000| Untracked 
|  55|0x0000000748500000, 0x0000000748500000, 0x0000000748600000|  0%| F|  |TAMS 0x0000000748500000, 0x0000000748500000| Untracked 
|  56|0x0000000748600000, 0x0000000748600000, 0x0000000748700000|  0%| F|  |TAMS 0x0000000748600000, 0x0000000748600000| Untracked 
|  57|0x0000000748700000, 0x0000000748700000, 0x0000000748800000|  0%| F|  |TAMS 0x0000000748700000, 0x0000000748700000| Untracked 
|  58|0x0000000748800000, 0x0000000748800000, 0x0000000748900000|  0%| F|  |TAMS 0x0000000748800000, 0x0000000748800000| Untracked 
|  59|0x0000000748900000, 0x0000000748900000, 0x0000000748a00000|  0%| F|  |TAMS 0x0000000748900000, 0x0000000748900000| Untracked 
|  60|0x0000000748a00000, 0x0000000748a00000, 0x0000000748b00000|  0%| F|  |TAMS 0x0000000748a00000, 0x0000000748a00000| Untracked 
|  61|0x0000000748b00000, 0x0000000748b00000, 0x0000000748c00000|  0%| F|  |TAMS 0x0000000748b00000, 0x0000000748b00000| Untracked 
|  62|0x0000000748c00000, 0x0000000748c00000, 0x0000000748d00000|  0%| F|  |TAMS 0x0000000748c00000, 0x0000000748c00000| Untracked 
|  63|0x0000000748d00000, 0x0000000748d00000, 0x0000000748e00000|  0%| F|  |TAMS 0x0000000748d00000, 0x0000000748d00000| Untracked 
|  64|0x0000000748e00000, 0x0000000748e00000, 0x0000000748f00000|  0%| F|  |TAMS 0x0000000748e00000, 0x0000000748e00000| Untracked 
|  65|0x0000000748f00000, 0x0000000748f00000, 0x0000000749000000|  0%| F|  |TAMS 0x0000000748f00000, 0x0000000748f00000| Untracked 
|  66|0x0000000749000000, 0x0000000749000000, 0x0000000749100000|  0%| F|  |TAMS 0x0000000749000000, 0x0000000749000000| Untracked 
|  67|0x0000000749100000, 0x0000000749100000, 0x0000000749200000|  0%| F|  |TAMS 0x0000000749100000, 0x0000000749100000| Untracked 
|  68|0x0000000749200000, 0x0000000749200000, 0x0000000749300000|  0%| F|  |TAMS 0x0000000749200000, 0x0000000749200000| Untracked 
|  69|0x0000000749300000, 0x0000000749300000, 0x0000000749400000|  0%| F|  |TAMS 0x0000000749300000, 0x0000000749300000| Untracked 
|  70|0x0000000749400000, 0x0000000749400000, 0x0000000749500000|  0%| F|  |TAMS 0x0000000749400000, 0x0000000749400000| Untracked 
|  71|0x0000000749500000, 0x0000000749500000, 0x0000000749600000|  0%| F|  |TAMS 0x0000000749500000, 0x0000000749500000| Untracked 
|  72|0x0000000749600000, 0x0000000749600000, 0x0000000749700000|  0%| F|  |TAMS 0x0000000749600000, 0x0000000749600000| Untracked 
|  73|0x0000000749700000, 0x0000000749700000, 0x0000000749800000|  0%| F|  |TAMS 0x0000000749700000, 0x0000000749700000| Untracked 
|  74|0x0000000749800000, 0x0000000749800000, 0x0000000749900000|  0%| F|  |TAMS 0x0000000749800000, 0x0000000749800000| Untracked 
|  75|0x0000000749900000, 0x0000000749900000, 0x0000000749a00000|  0%| F|  |TAMS 0x0000000749900000, 0x0000000749900000| Untracked 
|  76|0x0000000749a00000, 0x0000000749a00000, 0x0000000749b00000|  0%| F|  |TAMS 0x0000000749a00000, 0x0000000749a00000| Untracked 
|  77|0x0000000749b00000, 0x0000000749b00000, 0x0000000749c00000|  0%| F|  |TAMS 0x0000000749b00000, 0x0000000749b00000| Untracked 
|  78|0x0000000749c00000, 0x0000000749c00000, 0x0000000749d00000|  0%| F|  |TAMS 0x0000000749c00000, 0x0000000749c00000| Untracked 
|  79|0x0000000749d00000, 0x0000000749d00000, 0x0000000749e00000|  0%| F|  |TAMS 0x0000000749d00000, 0x0000000749d00000| Untracked 
|  80|0x0000000749e00000, 0x0000000749e00000, 0x0000000749f00000|  0%| F|  |TAMS 0x0000000749e00000, 0x0000000749e00000| Untracked 
|  81|0x0000000749f00000, 0x0000000749f00000, 0x000000074a000000|  0%| F|  |TAMS 0x0000000749f00000, 0x0000000749f00000| Untracked 
|  82|0x000000074a000000, 0x000000074a000000, 0x000000074a100000|  0%| F|  |TAMS 0x000000074a000000, 0x000000074a000000| Untracked 
|  83|0x000000074a100000, 0x000000074a100000, 0x000000074a200000|  0%| F|  |TAMS 0x000000074a100000, 0x000000074a100000| Untracked 
|  84|0x000000074a200000, 0x000000074a200000, 0x000000074a300000|  0%| F|  |TAMS 0x000000074a200000, 0x000000074a200000| Untracked 
|  85|0x000000074a300000, 0x000000074a300000, 0x000000074a400000|  0%| F|  |TAMS 0x000000074a300000, 0x000000074a300000| Untracked 
|  86|0x000000074a400000, 0x000000074a400000, 0x000000074a500000|  0%| F|  |TAMS 0x000000074a400000, 0x000000074a400000| Untracked 
|  87|0x000000074a500000, 0x000000074a500000, 0x000000074a600000|  0%| F|  |TAMS 0x000000074a500000, 0x000000074a500000| Untracked 
|  88|0x000000074a600000, 0x000000074a600000, 0x000000074a700000|  0%| F|  |TAMS 0x000000074a600000, 0x000000074a600000| Untracked 
|  89|0x000000074a700000, 0x000000074a700000, 0x000000074a800000|  0%| F|  |TAMS 0x000000074a700000, 0x000000074a700000| Untracked 
|  90|0x000000074a800000, 0x000000074a800000, 0x000000074a900000|  0%| F|  |TAMS 0x000000074a800000, 0x000000074a800000| Untracked 
|  91|0x000000074a900000, 0x000000074a900000, 0x000000074aa00000|  0%| F|  |TAMS 0x000000074a900000, 0x000000074a900000| Untracked 
|  92|0x000000074aa00000, 0x000000074aa00000, 0x000000074ab00000|  0%| F|  |TAMS 0x000000074aa00000, 0x000000074aa00000| Untracked 
|  93|0x000000074ab00000, 0x000000074ab00000, 0x000000074ac00000|  0%| F|  |TAMS 0x000000074ab00000, 0x000000074ab00000| Untracked 
|  94|0x000000074ac00000, 0x000000074ac00000, 0x000000074ad00000|  0%| F|  |TAMS 0x000000074ac00000, 0x000000074ac00000| Untracked 
|  95|0x000000074ad00000, 0x000000074ad00000, 0x000000074ae00000|  0%| F|  |TAMS 0x000000074ad00000, 0x000000074ad00000| Untracked 
|  96|0x000000074ae00000, 0x000000074ae00000, 0x000000074af00000|  0%| F|  |TAMS 0x000000074ae00000, 0x000000074ae00000| Untracked 
|  97|0x000000074af00000, 0x000000074af00000, 0x000000074b000000|  0%| F|  |TAMS 0x000000074af00000, 0x000000074af00000| Untracked 
|  98|0x000000074b000000, 0x000000074b000000, 0x000000074b100000|  0%| F|  |TAMS 0x000000074b000000, 0x000000074b000000| Untracked 
|  99|0x000000074b100000, 0x000000074b100000, 0x000000074b200000|  0%| F|  |TAMS 0x000000074b100000, 0x000000074b100000| Untracked 
| 100|0x000000074b200000, 0x000000074b200000, 0x000000074b300000|  0%| F|  |TAMS 0x000000074b200000, 0x000000074b200000| Untracked 
| 101|0x000000074b300000, 0x000000074b300000, 0x000000074b400000|  0%| F|  |TAMS 0x000000074b300000, 0x000000074b300000| Untracked 
| 102|0x000000074b400000, 0x000000074b400000, 0x000000074b500000|  0%| F|  |TAMS 0x000000074b400000, 0x000000074b400000| Untracked 
| 103|0x000000074b500000, 0x000000074b500000, 0x000000074b600000|  0%| F|  |TAMS 0x000000074b500000, 0x000000074b500000| Untracked 
| 104|0x000000074b600000, 0x000000074b600000, 0x000000074b700000|  0%| F|  |TAMS 0x000000074b600000, 0x000000074b600000| Untracked 
| 105|0x000000074b700000, 0x000000074b700000, 0x000000074b800000|  0%| F|  |TAMS 0x000000074b700000, 0x000000074b700000| Untracked 
| 106|0x000000074b800000, 0x000000074b800000, 0x000000074b900000|  0%| F|  |TAMS 0x000000074b800000, 0x000000074b800000| Untracked 
| 107|0x000000074b900000, 0x000000074b900000, 0x000000074ba00000|  0%| F|  |TAMS 0x000000074b900000, 0x000000074b900000| Untracked 
| 108|0x000000074ba00000, 0x000000074ba00000, 0x000000074bb00000|  0%| F|  |TAMS 0x000000074ba00000, 0x000000074ba00000| Untracked 
| 109|0x000000074bb00000, 0x000000074bb00000, 0x000000074bc00000|  0%| F|  |TAMS 0x000000074bb00000, 0x000000074bb00000| Untracked 
| 110|0x000000074bc00000, 0x000000074bc00000, 0x000000074bd00000|  0%| F|  |TAMS 0x000000074bc00000, 0x000000074bc00000| Untracked 
| 111|0x000000074bd00000, 0x000000074bd00000, 0x000000074be00000|  0%| F|  |TAMS 0x000000074bd00000, 0x000000074bd00000| Untracked 
| 112|0x000000074be00000, 0x000000074be00000, 0x000000074bf00000|  0%| F|  |TAMS 0x000000074be00000, 0x000000074be00000| Untracked 
| 113|0x000000074bf00000, 0x000000074bf00000, 0x000000074c000000|  0%| F|  |TAMS 0x000000074bf00000, 0x000000074bf00000| Untracked 
| 114|0x000000074c000000, 0x000000074c000000, 0x000000074c100000|  0%| F|  |TAMS 0x000000074c000000, 0x000000074c000000| Untracked 
| 115|0x000000074c100000, 0x000000074c100000, 0x000000074c200000|  0%| F|  |TAMS 0x000000074c100000, 0x000000074c100000| Untracked 
| 116|0x000000074c200000, 0x000000074c200000, 0x000000074c300000|  0%| F|  |TAMS 0x000000074c200000, 0x000000074c200000| Untracked 
| 117|0x000000074c300000, 0x000000074c300000, 0x000000074c400000|  0%| F|  |TAMS 0x000000074c300000, 0x000000074c300000| Untracked 
| 118|0x000000074c400000, 0x000000074c400000, 0x000000074c500000|  0%| F|  |TAMS 0x000000074c400000, 0x000000074c400000| Untracked 
| 119|0x000000074c500000, 0x000000074c500000, 0x000000074c600000|  0%| F|  |TAMS 0x000000074c500000, 0x000000074c500000| Untracked 
| 120|0x000000074c600000, 0x000000074c600000, 0x000000074c700000|  0%| F|  |TAMS 0x000000074c600000, 0x000000074c600000| Untracked 
| 121|0x000000074c700000, 0x000000074c700000, 0x000000074c800000|  0%| F|  |TAMS 0x000000074c700000, 0x000000074c700000| Untracked 
| 122|0x000000074c800000, 0x000000074c800000, 0x000000074c900000|  0%| F|  |TAMS 0x000000074c800000, 0x000000074c800000| Untracked 
| 123|0x000000074c900000, 0x000000074c900000, 0x000000074ca00000|  0%| F|  |TAMS 0x000000074c900000, 0x000000074c900000| Untracked 
| 124|0x000000074ca00000, 0x000000074ca00000, 0x000000074cb00000|  0%| F|  |TAMS 0x000000074ca00000, 0x000000074ca00000| Untracked 
| 125|0x000000074cb00000, 0x000000074cb00000, 0x000000074cc00000|  0%| F|  |TAMS 0x000000074cb00000, 0x000000074cb00000| Untracked 
| 126|0x000000074cc00000, 0x000000074cc00000, 0x000000074cd00000|  0%| F|  |TAMS 0x000000074cc00000, 0x000000074cc00000| Untracked 
| 127|0x000000074cd00000, 0x000000074cd00000, 0x000000074ce00000|  0%| F|  |TAMS 0x000000074cd00000, 0x000000074cd00000| Untracked 
| 128|0x000000074ce00000, 0x000000074ce00000, 0x000000074cf00000|  0%| F|  |TAMS 0x000000074ce00000, 0x000000074ce00000| Untracked 
| 129|0x000000074cf00000, 0x000000074cf00000, 0x000000074d000000|  0%| F|  |TAMS 0x000000074cf00000, 0x000000074cf00000| Untracked 
| 130|0x000000074d000000, 0x000000074d000000, 0x000000074d100000|  0%| F|  |TAMS 0x000000074d000000, 0x000000074d000000| Untracked 
| 131|0x000000074d100000, 0x000000074d100000, 0x000000074d200000|  0%| F|  |TAMS 0x000000074d100000, 0x000000074d100000| Untracked 
| 132|0x000000074d200000, 0x000000074d200000, 0x000000074d300000|  0%| F|  |TAMS 0x000000074d200000, 0x000000074d200000| Untracked 
| 133|0x000000074d300000, 0x000000074d300000, 0x000000074d400000|  0%| F|  |TAMS 0x000000074d300000, 0x000000074d300000| Untracked 
| 134|0x000000074d400000, 0x000000074d400000, 0x000000074d500000|  0%| F|  |TAMS 0x000000074d400000, 0x000000074d400000| Untracked 
| 135|0x000000074d500000, 0x000000074d500000, 0x000000074d600000|  0%| F|  |TAMS 0x000000074d500000, 0x000000074d500000| Untracked 
| 136|0x000000074d600000, 0x000000074d600000, 0x000000074d700000|  0%| F|  |TAMS 0x000000074d600000, 0x000000074d600000| Untracked 
| 137|0x000000074d700000, 0x000000074d700000, 0x000000074d800000|  0%| F|  |TAMS 0x000000074d700000, 0x000000074d700000| Untracked 
| 138|0x000000074d800000, 0x000000074d800000, 0x000000074d900000|  0%| F|  |TAMS 0x000000074d800000, 0x000000074d800000| Untracked 
| 139|0x000000074d900000, 0x000000074d900000, 0x000000074da00000|  0%| F|  |TAMS 0x000000074d900000, 0x000000074d900000| Untracked 
| 140|0x000000074da00000, 0x000000074da00000, 0x000000074db00000|  0%| F|  |TAMS 0x000000074da00000, 0x000000074da00000| Untracked 
| 141|0x000000074db00000, 0x000000074db00000, 0x000000074dc00000|  0%| F|  |TAMS 0x000000074db00000, 0x000000074db00000| Untracked 
| 142|0x000000074dc00000, 0x000000074dc00000, 0x000000074dd00000|  0%| F|  |TAMS 0x000000074dc00000, 0x000000074dc00000| Untracked 
| 143|0x000000074dd00000, 0x000000074dd00000, 0x000000074de00000|  0%| F|  |TAMS 0x000000074dd00000, 0x000000074dd00000| Untracked 
| 144|0x000000074de00000, 0x000000074de00000, 0x000000074df00000|  0%| F|  |TAMS 0x000000074de00000, 0x000000074de00000| Untracked 
| 145|0x000000074df00000, 0x000000074df00000, 0x000000074e000000|  0%| F|  |TAMS 0x000000074df00000, 0x000000074df00000| Untracked 
| 146|0x000000074e000000, 0x000000074e000000, 0x000000074e100000|  0%| F|  |TAMS 0x000000074e000000, 0x000000074e000000| Untracked 
| 147|0x000000074e100000, 0x000000074e100000, 0x000000074e200000|  0%| F|  |TAMS 0x000000074e100000, 0x000000074e100000| Untracked 
| 148|0x000000074e200000, 0x000000074e200000, 0x000000074e300000|  0%| F|  |TAMS 0x000000074e200000, 0x000000074e200000| Untracked 
| 149|0x000000074e300000, 0x000000074e300000, 0x000000074e400000|  0%| F|  |TAMS 0x000000074e300000, 0x000000074e300000| Untracked 
| 150|0x000000074e400000, 0x000000074e400000, 0x000000074e500000|  0%| F|  |TAMS 0x000000074e400000, 0x000000074e400000| Untracked 
| 151|0x000000074e500000, 0x000000074e500000, 0x000000074e600000|  0%| F|  |TAMS 0x000000074e500000, 0x000000074e500000| Untracked 
| 152|0x000000074e600000, 0x000000074e600000, 0x000000074e700000|  0%| F|  |TAMS 0x000000074e600000, 0x000000074e600000| Untracked 
| 153|0x000000074e700000, 0x000000074e700000, 0x000000074e800000|  0%| F|  |TAMS 0x000000074e700000, 0x000000074e700000| Untracked 
| 154|0x000000074e800000, 0x000000074e800000, 0x000000074e900000|  0%| F|  |TAMS 0x000000074e800000, 0x000000074e800000| Untracked 
| 155|0x000000074e900000, 0x000000074e900000, 0x000000074ea00000|  0%| F|  |TAMS 0x000000074e900000, 0x000000074e900000| Untracked 
| 156|0x000000074ea00000, 0x000000074ea00000, 0x000000074eb00000|  0%| F|  |TAMS 0x000000074ea00000, 0x000000074ea00000| Untracked 
| 157|0x000000074eb00000, 0x000000074eb00000, 0x000000074ec00000|  0%| F|  |TAMS 0x000000074eb00000, 0x000000074eb00000| Untracked 
| 158|0x000000074ec00000, 0x000000074ec00000, 0x000000074ed00000|  0%| F|  |TAMS 0x000000074ec00000, 0x000000074ec00000| Untracked 
| 159|0x000000074ed00000, 0x000000074ed00000, 0x000000074ee00000|  0%| F|  |TAMS 0x000000074ed00000, 0x000000074ed00000| Untracked 
| 160|0x000000074ee00000, 0x000000074ee00000, 0x000000074ef00000|  0%| F|  |TAMS 0x000000074ee00000, 0x000000074ee00000| Untracked 
| 161|0x000000074ef00000, 0x000000074ef00000, 0x000000074f000000|  0%| F|  |TAMS 0x000000074ef00000, 0x000000074ef00000| Untracked 
| 162|0x000000074f000000, 0x000000074f000000, 0x000000074f100000|  0%| F|  |TAMS 0x000000074f000000, 0x000000074f000000| Untracked 
| 163|0x000000074f100000, 0x000000074f100000, 0x000000074f200000|  0%| F|  |TAMS 0x000000074f100000, 0x000000074f100000| Untracked 
| 164|0x000000074f200000, 0x000000074f200000, 0x000000074f300000|  0%| F|  |TAMS 0x000000074f200000, 0x000000074f200000| Untracked 
| 165|0x000000074f300000, 0x000000074f300000, 0x000000074f400000|  0%| F|  |TAMS 0x000000074f300000, 0x000000074f300000| Untracked 
| 166|0x000000074f400000, 0x000000074f400000, 0x000000074f500000|  0%| F|  |TAMS 0x000000074f400000, 0x000000074f400000| Untracked 
| 167|0x000000074f500000, 0x000000074f500000, 0x000000074f600000|  0%| F|  |TAMS 0x000000074f500000, 0x000000074f500000| Untracked 
| 168|0x000000074f600000, 0x000000074f600000, 0x000000074f700000|  0%| F|  |TAMS 0x000000074f600000, 0x000000074f600000| Untracked 
| 169|0x000000074f700000, 0x000000074f700000, 0x000000074f800000|  0%| F|  |TAMS 0x000000074f700000, 0x000000074f700000| Untracked 
| 170|0x000000074f800000, 0x000000074f800000, 0x000000074f900000|  0%| F|  |TAMS 0x000000074f800000, 0x000000074f800000| Untracked 
| 171|0x000000074f900000, 0x000000074f900000, 0x000000074fa00000|  0%| F|  |TAMS 0x000000074f900000, 0x000000074f900000| Untracked 
| 172|0x000000074fa00000, 0x000000074fa00000, 0x000000074fb00000|  0%| F|  |TAMS 0x000000074fa00000, 0x000000074fa00000| Untracked 
| 173|0x000000074fb00000, 0x000000074fb00000, 0x000000074fc00000|  0%| F|  |TAMS 0x000000074fb00000, 0x000000074fb00000| Untracked 
| 174|0x000000074fc00000, 0x000000074fc00000, 0x000000074fd00000|  0%| F|  |TAMS 0x000000074fc00000, 0x000000074fc00000| Untracked 
| 175|0x000000074fd00000, 0x000000074fd00000, 0x000000074fe00000|  0%| F|  |TAMS 0x000000074fd00000, 0x000000074fd00000| Untracked 
| 176|0x000000074fe00000, 0x000000074fe00000, 0x000000074ff00000|  0%| F|  |TAMS 0x000000074fe00000, 0x000000074fe00000| Untracked 
| 177|0x000000074ff00000, 0x000000074ff00000, 0x0000000750000000|  0%| F|  |TAMS 0x000000074ff00000, 0x000000074ff00000| Untracked 
| 178|0x0000000750000000, 0x0000000750000000, 0x0000000750100000|  0%| F|  |TAMS 0x0000000750000000, 0x0000000750000000| Untracked 
| 179|0x0000000750100000, 0x0000000750100000, 0x0000000750200000|  0%| F|  |TAMS 0x0000000750100000, 0x0000000750100000| Untracked 
| 180|0x0000000750200000, 0x0000000750200000, 0x0000000750300000|  0%| F|  |TAMS 0x0000000750200000, 0x0000000750200000| Untracked 
| 181|0x0000000750300000, 0x0000000750300000, 0x0000000750400000|  0%| F|  |TAMS 0x0000000750300000, 0x0000000750300000| Untracked 
| 182|0x0000000750400000, 0x0000000750400000, 0x0000000750500000|  0%| F|  |TAMS 0x0000000750400000, 0x0000000750400000| Untracked 
| 183|0x0000000750500000, 0x0000000750500000, 0x0000000750600000|  0%| F|  |TAMS 0x0000000750500000, 0x0000000750500000| Untracked 
| 184|0x0000000750600000, 0x0000000750600000, 0x0000000750700000|  0%| F|  |TAMS 0x0000000750600000, 0x0000000750600000| Untracked 
| 185|0x0000000750700000, 0x0000000750800000, 0x0000000750800000|100%| E|  |TAMS 0x0000000750700000, 0x0000000750700000| Complete 
| 186|0x0000000750800000, 0x0000000750900000, 0x0000000750900000|100%| E|CS|TAMS 0x0000000750800000, 0x0000000750800000| Complete 
| 187|0x0000000750900000, 0x0000000750a00000, 0x0000000750a00000|100%| E|CS|TAMS 0x0000000750900000, 0x0000000750900000| Complete 

Card table byte_map: [0x00000123aebe0000,0x00000123af1c0000] _byte_map_base: 0x00000123ab1b9000

Marking Bits (Prev, Next): (CMBitMap*) 0x0000012396b77e98, (CMBitMap*) 0x0000012396b77ed0
 Prev Bits: [0x00000123af7a0000, 0x00000123b2668000)
 Next Bits: [0x00000123b2670000, 0x00000123b5538000)

Polling page: 0x0000012394b30000

Metaspace:

Usage:
  Non-class:      6.06 MB capacity,     5.98 MB ( 99%) used,    76.52 KB (  1%) free+waste,     4.50 KB ( <1%) overhead. 
      Class:    643.00 KB capacity,   582.12 KB ( 91%) used,    58.70 KB (  9%) free+waste,     2.19 KB ( <1%) overhead. 
       Both:      6.69 MB capacity,     6.55 MB ( 98%) used,   135.22 KB (  2%) free+waste,     6.69 KB ( <1%) overhead. 

Virtual space:
  Non-class space:        8.00 MB reserved,       6.25 MB ( 78%) committed 
      Class space:        1.00 GB reserved,     768.00 KB ( <1%) committed 
             Both:        1.01 GB reserved,       7.00 MB ( <1%) committed 

Chunk freelists:
   Non-Class:  1.00 KB
       Class:  29.00 KB
        Both:  30.00 KB

MaxMetaspaceSize: 17179869184.00 GB
CompressedClassSpaceSize: 1.00 GB
Initial GC threshold: 20.80 MB
Current GC threshold: 20.80 MB
CDS: off

CodeHeap 'non-profiled nmethods': size=120000Kb used=100Kb max_used=100Kb free=119899Kb
 bounds [0x00000123a6da0000, 0x00000123a7010000, 0x00000123ae2d0000]
CodeHeap 'profiled nmethods': size=120000Kb used=403Kb max_used=403Kb free=119596Kb
 bounds [0x000001239f870000, 0x000001239fae0000, 0x00000123a6da0000]
CodeHeap 'non-nmethods': size=5760Kb used=1109Kb max_used=1122Kb free=4650Kb
 bounds [0x000001239f2d0000, 0x000001239f540000, 0x000001239f870000]
 total_blobs=667 nmethods=324 adapters=256
 compilation: enabled
              stopped_count=0, restarted_count=0
 full_count=0

Compilation events (20 events):
Event: 0.124 Thread 0x00000123b8925000 nmethod 317 0x000001239f8cf190 code [0x000001239f8cf340, 0x000001239f8cf438]
Event: 0.124 Thread 0x00000123b8925000  314       3       sun.nio.cs.SingleByte$Encoder::encode (32 bytes)
Event: 0.125 Thread 0x00000123b8925000 nmethod 314 0x000001239f8cf510 code [0x000001239f8cf6c0, 0x000001239f8cf878]
Event: 0.125 Thread 0x00000123b8925000  315       1       java.nio.Buffer::position (5 bytes)
Event: 0.125 Thread 0x00000123b8925000 nmethod 315 0x00000123a6db8390 code [0x00000123a6db8540, 0x00000123a6db85f8]
Event: 0.125 Thread 0x00000123b8925000  316       1       java.nio.Buffer::limit (5 bytes)
Event: 0.125 Thread 0x00000123b8925000 nmethod 316 0x00000123a6db8690 code [0x00000123a6db8840, 0x00000123a6db88f8]
Event: 0.125 Thread 0x00000123b8925000  318       3       java.util.Collections$UnmodifiableCollection$1::next (10 bytes)
Event: 0.125 Thread 0x00000123b8925000 nmethod 318 0x000001239f8cf990 code [0x000001239f8cfb40, 0x000001239f8cfd08]
Event: 0.125 Thread 0x00000123b8925000  319       3       java.nio.ByteBuffer::arrayOffset (35 bytes)
Event: 0.125 Thread 0x00000123b8925000 nmethod 319 0x000001239f8cfe10 code [0x000001239f8cffe0, 0x000001239f8d0258]
Event: 0.125 Thread 0x00000123b8925000  320       3       java.nio.CharBuffer::arrayOffset (35 bytes)
Event: 0.125 Thread 0x00000123b8925000 nmethod 320 0x000001239f8d0390 code [0x000001239f8d0560, 0x000001239f8d07d8]
Event: 0.125 Thread 0x00000123b8925000  321       3       java.nio.Buffer::position (52 bytes)
Event: 0.125 Thread 0x00000123b8925000 nmethod 321 0x000001239f8d0910 code [0x000001239f8d0ae0, 0x000001239f8d0d48]
Event: 0.125 Thread 0x00000123b8925000  322       3       java.nio.CharBuffer::position (8 bytes)
Event: 0.126 Thread 0x00000123b8925000 nmethod 322 0x000001239f8d0e10 code [0x000001239f8d0fc0, 0x000001239f8d1108]
Event: 0.126 Thread 0x00000123b8925000  323       3       java.nio.ByteBuffer::position (8 bytes)
Event: 0.126 Thread 0x00000123b8925000 nmethod 323 0x000001239f8d1190 code [0x000001239f8d1340, 0x000001239f8d1488]
Event: 0.126 Thread 0x00000123b8925000  324       3       sun.nio.cs.SingleByte$Encoder::encodeArrayLoop (233 bytes)

GC Heap History (0 events):
No events

Deoptimization events (12 events):
Event: 0.077 Thread 0x0000012396b2b800 Uncommon trap: trap_request=0xffffff4d fr.pc=0x00000123a6da87a8 relative=0x0000000000000188
Event: 0.077 Thread 0x0000012396b2b800 Uncommon trap: reason=unstable_if action=reinterpret pc=0x00000123a6da87a8 method=java.lang.String.hashCode()I @ 22 c2
Event: 0.077 Thread 0x0000012396b2b800 DEOPT PACKING pc=0x00000123a6da87a8 sp=0x000000055d7fedf0
Event: 0.077 Thread 0x0000012396b2b800 DEOPT UNPACKING pc=0x000001239f2d85af sp=0x000000055d7fed78 mode 2
Event: 0.077 Thread 0x0000012396b2b800 Uncommon trap: trap_request=0xffffff4d fr.pc=0x00000123a6daa82c relative=0x000000000000018c
Event: 0.077 Thread 0x0000012396b2b800 Uncommon trap: reason=unstable_if action=reinterpret pc=0x00000123a6daa82c method=java.lang.String.equals(Ljava/lang/Object;)Z @ 27 c2
Event: 0.077 Thread 0x0000012396b2b800 DEOPT PACKING pc=0x00000123a6daa82c sp=0x000000055d7feed0
Event: 0.077 Thread 0x0000012396b2b800 DEOPT UNPACKING pc=0x000001239f2d85af sp=0x000000055d7fee70 mode 2
Event: 0.101 Thread 0x0000012396b2b800 DEOPT PACKING pc=0x000001239f8a79cb sp=0x000000055d7fb130
Event: 0.101 Thread 0x0000012396b2b800 DEOPT UNPACKING pc=0x000001239f319d0e sp=0x000000055d7fa600 mode 0
Event: 0.101 Thread 0x0000012396b2b800 DEOPT PACKING pc=0x000001239f8a79cb sp=0x000000055d7fb130
Event: 0.101 Thread 0x0000012396b2b800 DEOPT UNPACKING pc=0x000001239f319d0e sp=0x000000055d7fa600 mode 0

Classes redefined (0 events):
No events

Internal exceptions (2 events):
Event: 0.124 Thread 0x0000012396b2b800 Exception <a 'java/io/FileNotFoundException'{0x00000007507f2018}> (0x00000007507f2018) thrown at [s\src\hotspot\share\prims\jni.cpp, line 617]
Event: 0.125 Thread 0x0000012396b2b800 Exception <a 'java/lang/reflect/InvocationTargetException'{0x00000007507f87f8}> (0x00000007507f87f8) thrown at [s\src\hotspot\share\runtime\reflection.cpp, line 1245]

Events (20 events):
Event: 0.122 loading class org/jacoco/agent/rt/internal_43f5073/core/runtime/AbstractRuntime
Event: 0.122 loading class org/jacoco/agent/rt/internal_43f5073/core/runtime/AbstractRuntime done
Event: 0.122 loading class org/jacoco/agent/rt/internal_43f5073/Agent$2
Event: 0.122 loading class org/jacoco/agent/rt/internal_43f5073/Agent$2 done
Event: 0.123 loading class java/lang/NoSuchFieldError
Event: 0.123 loading class java/lang/IncompatibleClassChangeError
Event: 0.123 loading class java/lang/IncompatibleClassChangeError done
Event: 0.123 loading class java/lang/NoSuchFieldError done
Event: 0.123 loading class org/jacoco/agent/rt/internal_43f5073/output/FileOutput
Event: 0.123 loading class org/jacoco/agent/rt/internal_43f5073/output/FileOutput done
Event: 0.124 loading class java/io/FileNotFoundException
Event: 0.124 loading class java/io/FileNotFoundException done
Event: 0.124 loading class java/lang/Throwable$WrappedPrintStream
Event: 0.124 loading class java/lang/Throwable$PrintStreamOrWriter
Event: 0.124 loading class java/lang/Throwable$PrintStreamOrWriter done
Event: 0.124 loading class java/lang/Throwable$WrappedPrintStream done
Event: 0.124 loading class java/lang/StackTraceElement$HashedModules
Event: 0.125 loading class java/lang/StackTraceElement$HashedModules done
Event: 0.125 loading class java/lang/reflect/InvocationTargetException
Event: 0.125 loading class java/lang/reflect/InvocationTargetException done


Dynamic libraries:
0x00007ff7d2940000 - 0x00007ff7d294e000 	C:\Users\Евгения\.jdks\corretto-11.0.23\bin\java.exe
0x00007ffbfb830000 - 0x00007ffbfba28000 	C:\Windows\SYSTEM32\ntdll.dll
0x00007ffbfa300000 - 0x00007ffbfa3bd000 	C:\Windows\System32\KERNEL32.DLL
0x00007ffbf9450000 - 0x00007ffbf9746000 	C:\Windows\System32\KERNELBASE.dll
0x00007ffbf8f50000 - 0x00007ffbf9050000 	C:\Windows\System32\ucrtbase.dll
0x00007ffbeb850000 - 0x00007ffbeb86b000 	C:\Users\Евгения\.jdks\corretto-11.0.23\bin\VCRUNTIME140.dll
0x00007ffbed360000 - 0x00007ffbed377000 	C:\Users\Евгения\.jdks\corretto-11.0.23\bin\jli.dll
0x00007ffbe9a20000 - 0x00007ffbe9cba000 	C:\Windows\WinSxS\amd64_microsoft.windows.common-controls_6595b64144ccf1df_6.0.19041.3636_none_60b6a03d71f818d5\COMCTL32.dll
0x00007ffbf9830000 - 0x00007ffbf99ce000 	C:\Windows\System32\USER32.dll
0x00007ffbf9300000 - 0x00007ffbf9322000 	C:\Windows\System32\win32u.dll
0x00007ffbfb550000 - 0x00007ffbfb5ee000 	C:\Windows\System32\msvcrt.dll
0x00007ffbfa8c0000 - 0x00007ffbfa8eb000 	C:\Windows\System32\GDI32.dll
0x00007ffbf9330000 - 0x00007ffbf9447000 	C:\Windows\System32\gdi32full.dll
0x00007ffbf8eb0000 - 0x00007ffbf8f4d000 	C:\Windows\System32\msvcp_win.dll
0x00007ffbfa2b0000 - 0x00007ffbfa2e2000 	C:\Windows\System32\IMM32.DLL
0x00007ffbedad0000 - 0x00007ffbedadc000 	C:\Users\Евгения\.jdks\corretto-11.0.23\bin\vcruntime140_1.dll
0x00007ffbc01e0000 - 0x00007ffbc026d000 	C:\Users\Евгения\.jdks\corretto-11.0.23\bin\msvcp140.dll
0x00007ffb86770000 - 0x00007ffb87334000 	C:\Users\Евгения\.jdks\corretto-11.0.23\bin\server\jvm.dll
0x00007ffbfa8f0000 - 0x00007ffbfa9a0000 	C:\Windows\System32\ADVAPI32.dll
0x00007ffbfa210000 - 0x00007ffbfa2b0000 	C:\Windows\System32\sechost.dll
0x00007ffbfb690000 - 0x00007ffbfb7b5000 	C:\Windows\System32\RPCRT4.dll
0x00007ffbf9750000 - 0x00007ffbf9777000 	C:\Windows\System32\bcrypt.dll
0x00007ffbfb5f0000 - 0x00007ffbfb5f8000 	C:\Windows\System32\PSAPI.DLL
0x00007ffbeb820000 - 0x00007ffbeb829000 	C:\Windows\SYSTEM32\WSOCK32.dll
0x00007ffbe1580000 - 0x00007ffbe15a7000 	C:\Windows\SYSTEM32\WINMM.dll
0x00007ffbefd50000 - 0x00007ffbefd5a000 	C:\Windows\SYSTEM32\VERSION.dll
0x00007ffbfb620000 - 0x00007ffbfb68b000 	C:\Windows\System32\WS2_32.dll
0x00007ffbf76f0000 - 0x00007ffbf7702000 	C:\Windows\SYSTEM32\kernel.appcore.dll
0x00007ffbeb840000 - 0x00007ffbeb850000 	C:\Users\Евгения\.jdks\corretto-11.0.23\bin\verify.dll
0x00007ffbf6c70000 - 0x00007ffbf6e54000 	C:\Windows\SYSTEM32\DBGHELP.DLL
0x00007ffbee320000 - 0x00007ffbee354000 	C:\Windows\SYSTEM32\dbgcore.DLL
0x00007ffbf9200000 - 0x00007ffbf9282000 	C:\Windows\System32\bcryptPrimitives.dll
0x00007ffbdc040000 - 0x00007ffbdc068000 	C:\Users\Евгения\.jdks\corretto-11.0.23\bin\java.dll
0x00007ffbeb830000 - 0x00007ffbeb83a000 	C:\Users\Евгения\.jdks\corretto-11.0.23\bin\jimage.dll
0x00007ffbe5dd0000 - 0x00007ffbe5dde000 	C:\Users\Евгения\.jdks\corretto-11.0.23\bin\instrument.dll
0x00007ffbdc020000 - 0x00007ffbdc038000 	C:\Users\Евгения\.jdks\corretto-11.0.23\bin\zip.dll
0x00007ffbfab50000 - 0x00007ffbfb2bb000 	C:\Windows\System32\SHELL32.dll
0x00007ffbf6f40000 - 0x00007ffbf76de000 	C:\Windows\SYSTEM32\windows.storage.dll
0x00007ffbf9c00000 - 0x00007ffbf9f53000 	C:\Windows\System32\combase.dll
0x00007ffbf8870000 - 0x00007ffbf889e000 	C:\Windows\SYSTEM32\Wldp.dll
0x00007ffbfaa80000 - 0x00007ffbfab4d000 	C:\Windows\System32\OLEAUT32.dll
0x00007ffbf9b50000 - 0x00007ffbf9bfd000 	C:\Windows\System32\SHCORE.dll
0x00007ffbfa9a0000 - 0x00007ffbfa9f5000 	C:\Windows\System32\shlwapi.dll
0x00007ffbf8de0000 - 0x00007ffbf8e05000 	C:\Windows\SYSTEM32\profapi.dll
0x00007ffbd0ba0000 - 0x00007ffbd0bb9000 	C:\Users\Евгения\.jdks\corretto-11.0.23\bin\net.dll
0x00007ffbf14c0000 - 0x00007ffbf15ca000 	C:\Windows\SYSTEM32\WINHTTP.dll
0x00007ffbf85d0000 - 0x00007ffbf863a000 	C:\Windows\system32\mswsock.dll
0x00007ffbcf760000 - 0x00007ffbcf772000 	C:\Users\Евгения\.jdks\corretto-11.0.23\bin\nio.dll
0x00007ffbed690000 - 0x00007ffbed6a7000 	C:\Windows\system32\napinsp.dll
0x00007ffbed5a0000 - 0x00007ffbed5bb000 	C:\Windows\system32\pnrpnsp.dll
0x00007ffbf1a90000 - 0x00007ffbf1aa5000 	C:\Windows\system32\wshbth.dll
0x00007ffbf14a0000 - 0x00007ffbf14bd000 	C:\Windows\system32\NLAapi.dll
0x00007ffbf82c0000 - 0x00007ffbf82fb000 	C:\Windows\SYSTEM32\IPHLPAPI.DLL
0x00007ffbf8300000 - 0x00007ffbf83cb000 	C:\Windows\SYSTEM32\DNSAPI.dll
0x00007ffbfa2f0000 - 0x00007ffbfa2f8000 	C:\Windows\System32\NSI.dll
0x00007ffbed270000 - 0x00007ffbed282000 	C:\Windows\System32\winrnr.dll
0x00007ffbf0440000 - 0x00007ffbf044a000 	C:\Windows\System32\rasadhlp.dll
0x00007ffbef970000 - 0x00007ffbef9f0000 	C:\Windows\System32\fwpuclnt.dll

dbghelp: loaded successfully - version: 4.0.5 - missing functions: none
symbol engine: initialized successfully - sym options: 0x614 - pdb path: .;C:\Users\Евгения\.jdks\corretto-11.0.23\bin;C:\Windows\SYSTEM32;C:\Windows\WinSxS\amd64_microsoft.windows.common-controls_6595b64144ccf1df_6.0.19041.3636_none_60b6a03d71f818d5;C:\Users\Евгения\.jdks\corretto-11.0.23\bin\server

VM Arguments:
jvm_args: -javaagent:C:\\Users\\Евгения\\.m2\\repository\\org\\jacoco\\org.jacoco.agent\\0.8.5\\org.jacoco.agent-0.8.5-runtime.jar=destfile=C:\\Users\\Евгения\\Desktop\\netology\\Тестирование\\Java\\Командный проект Java\\Team-project-Java\\target\\jacoco.exec 
java_command: C:\Users\CA52~1\AppData\Local\Temp\surefire8080887382452330899\surefirebooter1288485791063091642.jar C:\Users\Евгения\AppData\Local\Temp\surefire8080887382452330899 2024-10-06T17-40-15_720-jvmRun1 surefire9069938277063541464tmp surefire_02132190863266364261tmp
java_class_path (initial): C:\Users\CA52~1\AppData\Local\Temp\surefire8080887382452330899\surefirebooter1288485791063091642.jar
Launcher Type: SUN_STANDARD

[Global flags]
     intx CICompilerCount                          = 4                                         {product} {ergonomic}
     uint ConcGCThreads                            = 2                                         {product} {ergonomic}
     uint G1ConcRefinementThreads                  = 8                                         {product} {ergonomic}
   size_t G1HeapRegionSize                         = 1048576                                   {product} {ergonomic}
    uintx GCDrainStackTargetSize                   = 64                                        {product} {ergonomic}
   size_t InitialHeapSize                          = 197132288                                 {product} {ergonomic}
   size_t MarkStackSize                            = 4194304                                   {product} {ergonomic}
   size_t MaxHeapSize                              = 3139436544                                {product} {ergonomic}
   size_t MaxNewSize                               = 1883242496                                {product} {ergonomic}
   size_t MinHeapDeltaBytes                        = 1048576                                   {product} {ergonomic}
    uintx NonNMethodCodeHeapSize                   = 5836300                                {pd product} {ergonomic}
    uintx NonProfiledCodeHeapSize                  = 122910970                              {pd product} {ergonomic}
    uintx ProfiledCodeHeapSize                     = 122910970                              {pd product} {ergonomic}
    uintx ReservedCodeCacheSize                    = 251658240                              {pd product} {ergonomic}
     bool SegmentedCodeCache                       = true                                      {product} {ergonomic}
     bool UseCompressedClassPointers               = true                                 {lp64_product} {ergonomic}
     bool UseCompressedOops                        = true                                 {lp64_product} {ergonomic}
     bool UseG1GC                                  = true                                      {product} {ergonomic}
     bool UseLargePagesIndividualAllocation        = false                                  {pd product} {ergonomic}

Logging:
Log output configuration:
 #0: stdout all=warning uptime,level,tags
 #1: stderr all=off uptime,level,tags

Environment Variables:
JAVA_HOME=;C:\Program Files\Eclipse Adoptium\jdk-11.0.22.7-hotspot\bin
PATH=C:\Program Files\Eclipse Adoptium\jdk-11.0.22.7-hotspot\bin;C:\Windows\system32;C:\Windows;C:\Windows\System32\Wbem;C:\Windows\System32\WindowsPowerShell\v1.0\;C:\Windows\System32\OpenSSH\;C:\Program Files (x86)\dotnet\;C:\Program Files\Git\cmd;C:\Program Files\nodejs\;C:\Program Files\PowerShell\7\;C:\Users\Евгения\AppData\Local\Programs\Python\Python310\Scripts\;C:\Users\Евгения\AppData\Local\Programs\Python\Python310\;C:\Users\Евгения\AppData\Local\Microsoft\WindowsApps;C:\Users\Евгения\AppData\Local\Programs\Microsoft VS Code\bin;C:\Users\Евгения\AppData\Roaming\npm;";C:\Program Files\Eclipse Adoptium\jdk-11.0.22.7-hotspot\bin";
USERNAME=Евгения
OS=Windows_NT
PROCESSOR_IDENTIFIER=Intel64 Family 6 Model 140 Stepping 1, GenuineIntel
TMP=C:\Users\CA52~1\AppData\Local\Temp
TEMP=C:\Users\CA52~1\AppData\Local\Temp



---------------  S Y S T E M  ---------------

OS: Windows 10 , 64 bit Build 19041 (10.0.19041.3636)
OS uptime: 197 days 14:10 hours

CPU:total 8 (initial active 8) (4 cores per cpu, 2 threads per core) family 6 model 140 stepping 1 microcode 0x86, cmov, cx8, fxsr, mmx, sse, sse2, sse3, ssse3, sse4.1, sse4.2, popcnt, avx, avx2, aes, clmul, erms, 3dnowpref, lzcnt, ht, tsc, tscinvbit, bmi1, bmi2, adx, evex, sha, fma

Memory: 4k page, system-wide physical 11970M (2387M free)
TotalPageFile size 18585M (AvailPageFile size 3914M)
current process WorkingSet (physical memory assigned to process): 43M, peak: 43M
current process commit charge ("private bytes"): 271M, peak: 271M

vm_info: OpenJDK 64-Bit Server VM (11.0.23+9-LTS) for windows-amd64 JRE (11.0.23+9-LTS), built on Apr 10 2024 18:40:41 by "Administrator" with MS VC++ 16.10 / 16.11 (VS2019)

END.
